<?xml version="1.0" encoding="UTF-8"?>
<!-- Generated by org.testng.reporters.JUnitReportReporter -->
<testsuite hostname="exactpro-nb156" failures="0" tests="2" name="com.automation.testcases.HomePageTest" time="70.467" errors="0" timestamp="02 Apr 2023 16:23:25 GMT" skipped="0">
  <testcase classname="com.automation.testcases.HomePageTest" name="homePageLogoTest" time="48.576"/>
  <testcase classname="com.automation.testcases.HomePageTest" name="homePageTaskLinkTest" time="21.891"/>
</testsuite> <!-- com.automation.testcases.HomePageTest -->
