<?xml version="1.0" encoding="UTF-8"?>
<!-- Generated by org.testng.reporters.JUnitReportReporter -->
<testsuite hostname="Viranga" failures="0" tests="1" name="com.automation.testcases.LoginPageTest" time="21.362" errors="0" timestamp="12 Jul 2023 17:05:11 GMT" skipped="0">
  <testcase classname="com.automation.testcases.LoginPageTest" name="loginPageLogoTest" time="21.362"/>
</testsuite> <!-- com.automation.testcases.LoginPageTest -->
