<?xml version="1.0" encoding="UTF-8"?>
<!-- Generated by org.testng.reporters.JUnitReportReporter -->
<testsuite hostname="Viranga" failures="0" tests="2" name="com.automation.testcases.LoginPageTest" time="48.799" errors="0" timestamp="12 Jul 2023 19:16:24 GMT" skipped="0">
  <testcase classname="com.automation.testcases.LoginPageTest" name="LoginTest" time="14.731"/>
  <testcase classname="com.automation.testcases.LoginPageTest" name="LoginTest" time="34.068"/>
</testsuite> <!-- com.automation.testcases.LoginPageTest -->
